2021-06-29 17:32:58 | [INFO]    | Discordia 2.9.1
2021-06-29 17:32:58 | [INFO]    | Connecting to Discord...
2021-06-29 17:32:58 | [INFO]    | Authenticated as Tadashy#5700
2021-06-29 17:32:58 | [INFO]    | Launching shard 0 (1 out of 1)...
2021-06-29 17:32:59 | [INFO]    | Shard 0 : Connected to wss://gateway.discord.gg
2021-06-29 17:32:59 | [INFO]    | Shard 0 : Received HELLO
2021-06-29 17:32:59 | [INFO]    | Shard 0 : Received READY
2021-06-29 17:37:45 | [INFO]    | Discordia 2.9.1
2021-06-29 17:37:45 | [INFO]    | Connecting to Discord...
2021-06-29 17:37:45 | [INFO]    | Authenticated as Tadashy#5700
2021-06-29 17:37:45 | [INFO]    | Launching shard 0 (1 out of 1)...
2021-06-29 17:37:45 | [INFO]    | Shard 0 : Connected to wss://gateway.discord.gg
2021-06-29 17:37:45 | [INFO]    | Shard 0 : Received HELLO
2021-06-29 17:37:45 | [INFO]    | Shard 0 : Received READY
2021-06-29 17:48:53 | [INFO]    | Discordia 2.9.1
2021-06-29 17:48:53 | [INFO]    | Connecting to Discord...
2021-06-29 17:48:53 | [INFO]    | Authenticated as Tadashy#5700
2021-06-29 17:48:53 | [INFO]    | Launching shard 0 (1 out of 1)...
2021-06-29 17:48:53 | [INFO]    | Shard 0 : Connected to wss://gateway.discord.gg
2021-06-29 17:48:53 | [INFO]    | Shard 0 : Received HELLO
2021-06-29 17:48:54 | [INFO]    | Shard 0 : Received READY
2021-06-29 17:49:46 | [INFO]    | Discordia 2.9.1
2021-06-29 17:49:46 | [INFO]    | Connecting to Discord...
2021-06-29 17:49:47 | [INFO]    | Authenticated as Tadashy#5700
2021-06-29 17:49:47 | [INFO]    | Launching shard 0 (1 out of 1)...
2021-06-29 17:49:47 | [INFO]    | Shard 0 : Connected to wss://gateway.discord.gg
2021-06-29 17:49:47 | [INFO]    | Shard 0 : Received HELLO
2021-06-29 17:49:47 | [INFO]    | Shard 0 : Received READY
2021-06-29 17:51:40 | [INFO]    | Discordia 2.9.1
2021-06-29 17:51:40 | [INFO]    | Connecting to Discord...
2021-06-29 17:51:40 | [INFO]    | Authenticated as Tadashy#5700
2021-06-29 17:51:41 | [INFO]    | Launching shard 0 (1 out of 1)...
2021-06-29 17:51:41 | [INFO]    | Shard 0 : Connected to wss://gateway.discord.gg
2021-06-29 17:51:41 | [INFO]    | Shard 0 : Received HELLO
2021-06-29 17:51:41 | [INFO]    | Shard 0 : Received READY
2021-06-29 17:54:17 | [INFO]    | Discordia 2.9.1
2021-06-29 17:54:17 | [INFO]    | Connecting to Discord...
2021-06-29 17:54:18 | [INFO]    | Authenticated as Tadashy#5700
2021-06-29 17:54:18 | [INFO]    | Launching shard 0 (1 out of 1)...
2021-06-29 17:54:18 | [INFO]    | Shard 0 : Connected to wss://gateway.discord.gg
2021-06-29 17:54:18 | [INFO]    | Shard 0 : Received HELLO
2021-06-29 17:54:18 | [INFO]    | Shard 0 : Received READY
2021-06-29 17:57:01 | [INFO]    | Discordia 2.9.1
2021-06-29 17:57:01 | [INFO]    | Connecting to Discord...
2021-06-29 17:57:02 | [INFO]    | Authenticated as Tadashy#5700
2021-06-29 17:57:02 | [INFO]    | Launching shard 0 (1 out of 1)...
2021-06-29 17:57:02 | [INFO]    | Shard 0 : Connected to wss://gateway.discord.gg
2021-06-29 17:57:02 | [INFO]    | Shard 0 : Received HELLO
2021-06-29 17:57:02 | [INFO]    | Shard 0 : Received READY
2021-06-29 18:06:58 | [INFO]    | Discordia 2.9.1
2021-06-29 18:06:58 | [INFO]    | Connecting to Discord...
2021-06-29 18:06:58 | [INFO]    | Authenticated as Tadashy#5700
2021-06-29 18:06:58 | [INFO]    | Launching shard 0 (1 out of 1)...
2021-06-29 18:06:58 | [INFO]    | Shard 0 : Connected to wss://gateway.discord.gg
2021-06-29 18:06:58 | [INFO]    | Shard 0 : Received HELLO
2021-06-29 18:06:58 | [INFO]    | Shard 0 : Received READY
2021-06-29 18:17:32 | [INFO]    | Discordia 2.9.1
2021-06-29 18:17:33 | [INFO]    | Connecting to Discord...
2021-06-29 18:17:33 | [INFO]    | Authenticated as Tadashy#5700
2021-06-29 18:17:33 | [INFO]    | Launching shard 0 (1 out of 1)...
2021-06-29 18:17:33 | [INFO]    | Shard 0 : Connected to wss://gateway.discord.gg
2021-06-29 18:17:33 | [INFO]    | Shard 0 : Received HELLO
2021-06-29 18:17:33 | [INFO]    | Shard 0 : Received READY
2021-06-30 14:28:45 | [INFO]    | Discordia 2.9.1
2021-06-30 14:28:45 | [INFO]    | Connecting to Discord...
2021-06-30 14:28:45 | [INFO]    | Authenticated as Tadashy#5700
2021-06-30 14:28:46 | [INFO]    | Launching shard 0 (1 out of 1)...
2021-06-30 14:28:46 | [INFO]    | Shard 0 : Connected to wss://gateway.discord.gg
2021-06-30 14:28:46 | [INFO]    | Shard 0 : Received HELLO
2021-06-30 14:28:46 | [INFO]    | Shard 0 : Received READY
2021-06-30 14:33:09 | [INFO]    | Discordia 2.9.1
2021-06-30 14:33:09 | [INFO]    | Connecting to Discord...
2021-06-30 14:33:09 | [INFO]    | Authenticated as Tadashy#5700
2021-06-30 14:33:09 | [INFO]    | Launching shard 0 (1 out of 1)...
2021-06-30 14:33:09 | [INFO]    | Shard 0 : Connected to wss://gateway.discord.gg
2021-06-30 14:33:09 | [INFO]    | Shard 0 : Received HELLO
2021-06-30 14:33:09 | [INFO]    | Shard 0 : Received READY
2021-06-30 14:35:24 | [INFO]    | Discordia 2.9.1
2021-06-30 14:35:24 | [INFO]    | Connecting to Discord...
2021-06-30 14:35:24 | [INFO]    | Authenticated as Tadashy#5700
2021-06-30 14:35:24 | [INFO]    | Launching shard 0 (1 out of 1)...
2021-06-30 14:35:24 | [INFO]    | Shard 0 : Connected to wss://gateway.discord.gg
2021-06-30 14:35:24 | [INFO]    | Shard 0 : Received HELLO
2021-06-30 14:35:24 | [INFO]    | Shard 0 : Received READY
2021-06-30 14:37:23 | [INFO]    | Discordia 2.9.1
2021-06-30 14:37:23 | [INFO]    | Connecting to Discord...
2021-06-30 14:37:24 | [INFO]    | Authenticated as Tadashy#5700
2021-06-30 14:37:24 | [INFO]    | Launching shard 0 (1 out of 1)...
2021-06-30 14:37:24 | [INFO]    | Shard 0 : Connected to wss://gateway.discord.gg
2021-06-30 14:37:24 | [INFO]    | Shard 0 : Received HELLO
2021-06-30 14:37:24 | [INFO]    | Shard 0 : Received READY
2021-06-30 14:40:17 | [INFO]    | Discordia 2.9.1
2021-06-30 14:40:17 | [INFO]    | Connecting to Discord...
2021-06-30 14:40:17 | [INFO]    | Authenticated as Tadashy#5700
2021-06-30 14:40:17 | [INFO]    | Launching shard 0 (1 out of 1)...
2021-06-30 14:40:17 | [INFO]    | Shard 0 : Connected to wss://gateway.discord.gg
2021-06-30 14:40:17 | [INFO]    | Shard 0 : Received HELLO
2021-06-30 14:40:17 | [INFO]    | Shard 0 : Received READY
2021-07-01 20:55:29 | [INFO]    | Discordia 2.9.1
2021-07-01 20:55:29 | [INFO]    | Connecting to Discord...
2021-07-01 20:55:30 | [INFO]    | Authenticated as testbot2.0#9767
2021-07-01 20:55:30 | [INFO]    | Launching shard 0 (1 out of 1)...
2021-07-01 20:55:30 | [INFO]    | Shard 0 : Connected to wss://gateway.discord.gg
2021-07-01 20:55:30 | [INFO]    | Shard 0 : Received HELLO
2021-07-01 20:55:30 | [INFO]    | Shard 0 : Received READY
